[    0.000000] Linux version 4.15.0-42-generic (buildd@lgw01-amd64-023) (gcc version 7.3.0 (Ubuntu 7.3.0-16ubuntu3)) #45-Ubuntu SMP Thu Nov 15 19:32:57 UTC 2018 (Ubuntu 4.15.0-42.45-generic 4.15.18)
[    0.000000] Command line: BOOT_IMAGE=/boot/vmlinuz-4.15.0-42-generic root=LABEL=cloudimg-rootfs ro console=tty1 console=ttyS0
[    0.000000] KERNEL supported cpus:
[    0.000000]   Intel GenuineIntel
[    0.000000]   AMD AuthenticAMD
[    0.000000]   Centaur CentaurHauls
[    0.000000] x86/fpu: Supporting XSAVE feature 0x001: 'x87 floating point registers'
[    0.000000] x86/fpu: Supporting XSAVE feature 0x002: 'SSE registers'
[    0.000000] x86/fpu: Supporting XSAVE feature 0x004: 'AVX registers'
[    0.000000] x86/fpu: xstate_offset[2]:  576, xstate_sizes[2]:  256
[    0.000000] x86/fpu: Enabled xstate features 0x7, context size is 832 bytes, using 'standard' format.
[    0.000000] e820: BIOS-provided physical RAM map:
[    0.000000] BIOS-e820: [mem 0x0000000000000000-0x000000000009fbff] usable
[    0.000000] BIOS-e820: [mem 0x000000000009fc00-0x000000000009ffff] reserved
[    0.000000] BIOS-e820: [mem 0x00000000000f0000-0x00000000000fffff] reserved
[    0.000000] BIOS-e820: [mem 0x0000000000100000-0x000000003ffeffff] usable
[    0.000000] BIOS-e820: [mem 0x000000003fff0000-0x000000003fffffff] ACPI data
[    0.000000] BIOS-e820: [mem 0x00000000fec00000-0x00000000fec00fff] reserved
[    0.000000] BIOS-e820: [mem 0x00000000fee00000-0x00000000fee00fff] reserved
[    0.000000] BIOS-e820: [mem 0x00000000fffc0000-0x00000000ffffffff] reserved
[    0.000000] NX (Execute Disable) protection: active
[    0.000000] SMBIOS 2.5 present.
[    0.000000] DMI: innotek GmbH VirtualBox/VirtualBox, BIOS VirtualBox 12/01/2006
[    0.000000] Hypervisor detected: KVM
[    0.000000] e820: last_pfn = 0x3fff0 max_arch_pfn = 0x400000000
[    0.000000] MTRR: Disabled
[    0.000000] x86/PAT: MTRRs disabled, skipping PAT initialization too.
[    0.000000] CPU MTRRs all blank - virtualized system.
[    0.000000] x86/PAT: Configuration [0-7]: WB  WT  UC- UC  WB  WT  UC- UC  
[    0.000000] found SMP MP-table at [mem 0x0009fff0-0x0009ffff] mapped at [        (ptrval)]
[    0.000000] Scanning 1 areas for low memory corruption
[    0.000000] RAMDISK: [mem 0x35ae5000-0x36d69fff]
[    0.000000] ACPI: Early table checksum verification disabled
[    0.000000] ACPI: RSDP 0x00000000000E0000 000024 (v02 VBOX  )
[    0.000000] ACPI: XSDT 0x000000003FFF0030 00003C (v01 VBOX   VBOXXSDT 00000001 ASL  00000061)
[    0.000000] ACPI: FACP 0x000000003FFF00F0 0000F4 (v04 VBOX   VBOXFACP 00000001 ASL  00000061)
[    0.000000] ACPI: DSDT 0x000000003FFF0470 0021FF (v02 VBOX   VBOXBIOS 00000002 INTL 20160930)
[    0.000000] ACPI: FACS 0x000000003FFF0200 000040
[    0.000000] ACPI: FACS 0x000000003FFF0200 000040
[    0.000000] ACPI: APIC 0x000000003FFF0240 00005C (v02 VBOX   VBOXAPIC 00000001 ASL  00000061)
[    0.000000] ACPI: SSDT 0x000000003FFF02A0 0001CC (v01 VBOX   VBOXCPUT 00000002 INTL 20160930)
[    0.000000] No NUMA configuration found
[    0.000000] Faking a node at [mem 0x0000000000000000-0x000000003ffeffff]
[    0.000000] NODE_DATA(0) allocated [mem 0x3ffc5000-0x3ffeffff]
[    0.000000] kvm-clock: cpu 0, msr 0:3ff44001, primary cpu clock
[    0.000000] kvm-clock: Using msrs 4b564d01 and 4b564d00
[    0.000000] kvm-clock: using sched offset of 3760372394 cycles
[    0.000000] clocksource: kvm-clock: mask: 0xffffffffffffffff max_cycles: 0x1cd42e4dffb, max_idle_ns: 881590591483 ns
[    0.000000] Zone ranges:
[    0.000000]   DMA      [mem 0x0000000000001000-0x0000000000ffffff]
[    0.000000]   DMA32    [mem 0x0000000001000000-0x000000003ffeffff]
[    0.000000]   Normal   empty
[    0.000000]   Device   empty
[    0.000000] Movable zone start for each node
[    0.000000] Early memory node ranges
[    0.000000]   node   0: [mem 0x0000000000001000-0x000000000009efff]
[    0.000000]   node   0: [mem 0x0000000000100000-0x000000003ffeffff]
[    0.000000] Initmem setup node 0 [mem 0x0000000000001000-0x000000003ffeffff]
[    0.000000] Reserved but unavailable: 98 pages
[    0.000000] ACPI: PM-Timer IO Port: 0x4008
[    0.000000] IOAPIC[0]: apic_id 2, version 32, address 0xfec00000, GSI 0-23
[    0.000000] ACPI: INT_SRC_OVR (bus 0 bus_irq 0 global_irq 2 dfl dfl)
[    0.000000] ACPI: INT_SRC_OVR (bus 0 bus_irq 9 global_irq 9 low level)
[    0.000000] Using ACPI (MADT) for SMP configuration information
[    0.000000] smpboot: Allowing 2 CPUs, 0 hotplug CPUs
[    0.000000] PM: Registered nosave memory: [mem 0x00000000-0x00000fff]
[    0.000000] PM: Registered nosave memory: [mem 0x0009f000-0x0009ffff]
[    0.000000] PM: Registered nosave memory: [mem 0x000a0000-0x000effff]
[    0.000000] PM: Registered nosave memory: [mem 0x000f0000-0x000fffff]
[    0.000000] e820: [mem 0x40000000-0xfebfffff] available for PCI devices
[    0.000000] Booting paravirtualized kernel on KVM
[    0.000000] clocksource: refined-jiffies: mask: 0xffffffff max_cycles: 0xffffffff, max_idle_ns: 7645519600211568 ns
[    0.000000] random: get_random_bytes called from start_kernel+0x99/0x4fd with crng_init=0
[    0.000000] setup_percpu: NR_CPUS:8192 nr_cpumask_bits:2 nr_cpu_ids:2 nr_node_ids:1
[    0.000000] percpu: Embedded 46 pages/cpu @        (ptrval) s151552 r8192 d28672 u1048576
[    0.000000] PV qspinlock hash table entries: 256 (order: 0, 4096 bytes)
[    0.000000] Built 1 zonelists, mobility grouping on.  Total pages: 257913
[    0.000000] Policy zone: DMA32
[    0.000000] Kernel command line: BOOT_IMAGE=/boot/vmlinuz-4.15.0-42-generic root=LABEL=cloudimg-rootfs ro console=tty1 console=ttyS0
[    0.000000] Memory: 983620K/1048120K available (12300K kernel code, 2472K rwdata, 4252K rodata, 2408K init, 2416K bss, 64500K reserved, 0K cma-reserved)
[    0.000000] SLUB: HWalign=64, Order=0-3, MinObjects=0, CPUs=2, Nodes=1
[    0.000000] Kernel/User page tables isolation: enabled
[    0.000000] ftrace: allocating 39186 entries in 154 pages
[    0.004000] Hierarchical RCU implementation.
[    0.004000] 	RCU restricting CPUs from NR_CPUS=8192 to nr_cpu_ids=2.
[    0.004000] 	Tasks RCU enabled.
[    0.004000] RCU: Adjusting geometry for rcu_fanout_leaf=16, nr_cpu_ids=2
[    0.004000] NR_IRQS: 524544, nr_irqs: 440, preallocated irqs: 16
[    0.004000] Console: colour VGA+ 80x25
[    0.004000] console [tty1] enabled
[    0.004000] console [ttyS0] enabled
[    0.004000] ACPI: Core revision 20170831
[    0.004000] ACPI: 2 ACPI AML tables successfully acquired and loaded
[    0.004000] APIC: Switch to symmetric I/O mode setup
[    0.004000] x2apic enabled
[    0.004000] Switched APIC routing to physical x2apic.
[    0.004000] ..TIMER: vector=0x30 apic1=0 pin1=2 apic2=-1 pin2=-1
[    0.004000] tsc: Detected 2711.994 MHz processor
[    0.004010] Calibrating delay loop (skipped) preset value.. 5423.98 BogoMIPS (lpj=10847976)
[    0.005095] pid_max: default: 32768 minimum: 301
[    0.005741] Security Framework initialized
[    0.006300] Yama: becoming mindful.
[    0.006813] AppArmor: AppArmor initialized
[    0.008538] Dentry cache hash table entries: 131072 (order: 8, 1048576 bytes)
[    0.009527] Inode-cache hash table entries: 65536 (order: 7, 524288 bytes)
[    0.010417] Mount-cache hash table entries: 2048 (order: 2, 16384 bytes)
[    0.011273] Mountpoint-cache hash table entries: 2048 (order: 2, 16384 bytes)
[    0.012213] mce: CPU supports 0 MCE banks
[    0.012778] Last level iTLB entries: 4KB 64, 2MB 8, 4MB 8
[    0.013482] Last level dTLB entries: 4KB 64, 2MB 0, 4MB 0, 1GB 4
[    0.014255] Spectre V2 : Mitigation: Full generic retpoline
[    0.014985] Spectre V2 : Spectre v2 / SpectreRSB mitigation: Filling RSB on context switch
[    0.016002] Speculative Store Bypass: Vulnerable
[    0.016698] Freeing SMP alternatives memory: 36K
[    0.020000] smpboot: CPU0: Intel(R) Core(TM) i5-7200U CPU @ 2.50GHz (family: 0x6, model: 0x8e, stepping: 0x9)
[    0.020074] Performance Events: unsupported p6 CPU model 142 no PMU driver, software events only.
[    0.021255] Hierarchical SRCU implementation.
[    0.024547] NMI watchdog: Perf event create on CPU 0 failed with -2
[    0.025369] NMI watchdog: Perf NMI watchdog permanently disabled
[    0.026182] smp: Bringing up secondary CPUs ...
[    0.026853] x86: Booting SMP configuration:
[    0.027429] .... node  #0, CPUs:      #1
[    0.004000] kvm-clock: cpu 1, msr 0:3ff44041, secondary cpu clock
[    0.004000] mce: CPU supports 0 MCE banks
[    0.032020] smp: Brought up 1 node, 2 CPUs
[    0.032579] smpboot: Max logical packages: 1
[    0.036005] smpboot: Total of 2 processors activated (10847.97 BogoMIPS)
[    0.036983] devtmpfs: initialized
[    0.040045] x86/mm: Memory block size: 128MB
[    0.040746] evm: security.selinux
[    0.041225] evm: security.SMACK64
[    0.041695] evm: security.SMACK64EXEC
[    0.042205] evm: security.SMACK64TRANSMUTE
[    0.042763] evm: security.SMACK64MMAP
[    0.043276] evm: security.apparmor
[    0.043758] evm: security.ima
[    0.044002] evm: security.capability
[    0.044532] clocksource: jiffies: mask: 0xffffffff max_cycles: 0xffffffff, max_idle_ns: 7645041785100000 ns
[    0.045259] futex hash table entries: 512 (order: 3, 32768 bytes)
[    0.046101] pinctrl core: initialized pinctrl subsystem
[    0.048092] RTC time:  2:58:59, date: 12/16/18
[    0.048839] NET: Registered protocol family 16
[    0.049508] audit: initializing netlink subsys (disabled)
[    0.050245] audit: type=2000 audit(1544929144.079:1): state=initialized audit_enabled=0 res=1
[    0.050245] cpuidle: using governor ladder
[    0.052008] cpuidle: using governor menu
[    0.052583] ACPI: bus type PCI registered
[    0.053139] acpiphp: ACPI Hot Plug PCI Controller Driver version: 0.5
[    0.054043] PCI: Using configuration type 1 for base access
[    0.056032] HugeTLB registered 2.00 MiB page size, pre-allocated 0 pages
[    0.056915] ACPI: Added _OSI(Module Device)
[    0.056915] ACPI: Added _OSI(Processor Device)
[    0.057241] ACPI: Added _OSI(3.0 _SCP Extensions)
[    0.057869] ACPI: Added _OSI(Processor Aggregator Device)
[    0.058577] ACPI: Added _OSI(Linux-Dell-Video)
[    0.060004] ACPI: Added _OSI(Linux-Lenovo-NV-HDMI-Audio)
[    0.061053] ACPI: Executed 1 blocks of module-level executable AML code
[    0.065734] ACPI: Interpreter enabled
[    0.066353] ACPI: (supports S0 S5)
[    0.066918] ACPI: Using IOAPIC for interrupt routing
[    0.068002] PCI: Using host bridge windows from ACPI; if necessary, use "pci=nocrs" and report a bug
[    0.069530] ACPI: Enabled 2 GPEs in block 00 to 07
[    0.075284] ACPI: PCI Root Bridge [PCI0] (domain 0000 [bus 00-ff])
[    0.076007] acpi PNP0A03:00: _OSC: OS supports [ASPM ClockPM Segments MSI]
[    0.077059] acpi PNP0A03:00: _OSC: not requesting OS control; OS requires [ExtendedConfig ASPM ClockPM MSI]
[    0.078535] acpi PNP0A03:00: fail to add MMCONFIG information, can't access extended PCI configuration space under this bridge.
[    0.080310] PCI host bridge to bus 0000:00
[    0.080964] pci_bus 0000:00: root bus resource [io  0x0000-0x0cf7 window]
[    0.081975] pci_bus 0000:00: root bus resource [io  0x0d00-0xffff window]
[    0.082987] pci_bus 0000:00: root bus resource [mem 0x000a0000-0x000bffff window]
[    0.084005] pci_bus 0000:00: root bus resource [mem 0x40000000-0xfdffffff window]
[    0.085165] pci_bus 0000:00: root bus resource [bus 00-ff]
[    0.088284] pci 0000:00:01.1: legacy IDE quirk: reg 0x10: [io  0x01f0-0x01f7]
[    0.092003] pci 0000:00:01.1: legacy IDE quirk: reg 0x14: [io  0x03f6]
[    0.092982] pci 0000:00:01.1: legacy IDE quirk: reg 0x18: [io  0x0170-0x0177]
[    0.096002] pci 0000:00:01.1: legacy IDE quirk: reg 0x1c: [io  0x0376]
[    0.113960] pci 0000:00:07.0: quirk: [io  0x4000-0x403f] claimed by PIIX4 ACPI
[    0.116038] pci 0000:00:07.0: quirk: [io  0x4100-0x410f] claimed by PIIX4 SMB
[    0.133887] ACPI: PCI Interrupt Link [LNKA] (IRQs 5 9 10 *11)
[    0.136485] ACPI: PCI Interrupt Link [LNKB] (IRQs 5 9 *10 11)
[    0.137703] ACPI: PCI Interrupt Link [LNKC] (IRQs 5 *9 10 11)
[    0.138919] ACPI: PCI Interrupt Link [LNKD] (IRQs 5 9 10 *11)
[    0.140542] SCSI subsystem initialized
[    0.141343] pci 0000:00:02.0: vgaarb: setting as boot VGA device
[    0.141343] pci 0000:00:02.0: vgaarb: VGA device added: decodes=io+mem,owns=io+mem,locks=none
[    0.144026] pci 0000:00:02.0: vgaarb: bridge control possible
[    0.148008] vgaarb: loaded
[    0.152057] ACPI: bus type USB registered
[    0.156039] usbcore: registered new interface driver usbfs
[    0.160029] usbcore: registered new interface driver hub
[    0.161026] usbcore: registered new device driver usb
[    0.162021] EDAC MC: Ver: 3.0.0
[    0.164062] PCI: Using ACPI for IRQ routing
[    0.165171] NetLabel: Initializing
[    0.165838] NetLabel:  domain hash size = 128
[    0.166648] NetLabel:  protocols = UNLABELED CIPSOv4 CALIPSO
[    0.167678] NetLabel:  unlabeled traffic allowed by default
[    0.168080] clocksource: Switched to clocksource kvm-clock
[    0.182471] VFS: Disk quotas dquot_6.6.0
[    0.183186] VFS: Dquot-cache hash table entries: 512 (order 0, 4096 bytes)
[    0.184332] AppArmor: AppArmor Filesystem Enabled
[    0.185110] pnp: PnP ACPI init
[    0.186567] pnp: PnP ACPI: found 3 devices
[    0.200930] clocksource: acpi_pm: mask: 0xffffff max_cycles: 0xffffff, max_idle_ns: 2085701024 ns
[    0.202425] NET: Registered protocol family 2
[    0.203819] TCP established hash table entries: 8192 (order: 4, 65536 bytes)
[    0.204984] TCP bind hash table entries: 8192 (order: 5, 131072 bytes)
[    0.205990] TCP: Hash tables configured (established 8192 bind 8192)
[    0.206985] UDP hash table entries: 512 (order: 2, 16384 bytes)
[    0.207903] UDP-Lite hash table entries: 512 (order: 2, 16384 bytes)
[    0.208922] NET Registered protocol family 1
[    0.232193] pci 0000:00:00.0: Limiting direct PCI/PCI transfers
[    0.233248] pci 0000:00:01.0: Activating ISA DMA hang workarounds
[    0.234227] pci 0000:00:02.0: Video device with shadowed ROM at [mem 0x000c0000-0x000dffff]
[    0.235635] Unpacking initram...

[    0.561002] Freeing initrd memory: 18964K
[    0.561861] platform rtc_cmos: registered platform RTC device (no PNP device found)
[    0.563087] Scanning for low memory corruption every 60 seconds
[    0.564558] Initialise system trusted keyrings
[    0.565296] Key type blacklist registered
[    0.566003] workingset: timestamp_bits=36 max_order=18 bucket_order=0
[    0.567837] zbud: loaded
[    0.590926] squashfs: version 4.0 (2009/01/31) Phillip Lougher
[    0.598036] fuse init (API version 7.26)
[    0.600396] Key type asymmetric registered
[    0.600995] Asymmetric key parser 'x509' registered
[    0.601683] Block layer SCSI generic (bsg) driver version 0.4 loaded (major 246)
[    0.602744] io scheduler noop registered
[    0.603300] io scheduler deadline registered
[    0.603927] io scheduler cfq registered (default)
[    0.604939] ACPI: AC Adapter [AC] (on-line)
[    0.605655] input: Power Button as /devices/LNXSYSTM:00/LNXPWRBN:00/input/input0
[    0.606852] ACPI: Power Button [PWRF]
[    0.607508] input: Sleep Button as /devices/LNXSYSTM:00/LNXSLPBN:00/input/input1
[    0.608720] ACPI: Sleep Button [SLPF]
[    0.612381] Serial: 8250/16550 driver, 32 ports, IRQ sharing enabled
[    0.612771] ACPI: Battery Slot [BAT0] (battery present)
[    0.691452] 00:02: ttyS0 at I/O 0x3f8 (irq = 4, base_baud = 115200) is a 16550A
[    0.693801] Linux agpgart interface v0.103
[    0.695424] loop: module loaded
[    0.696487] scsi host0: ata_piix
[    0.697152] scsi host1: ata_piix
[    0.697728] ata1: PATA max UDMA/33 cmd 0x1f0 ctl 0x3f6 bmdma 0xd000 irq 14
[    0.698775] ata2: PATA max UDMA/33 cmd 0x170 ctl 0x376 bmdma 0xd008 irq 15
[    0.699908] libphy: Fixed MDIO Bus: probed
[    0.707563] tun: Universal TUN/TAP device driver, 1.6
[    0.709184] PPP generic driver version 2.4.2
[    0.709895] ehci_hcd: USB 2.0 'Enhanced' Host Controller (EHCI) Driver
[    0.710868] ehci-pci: EHCI PCI platform driver
[    0.711590] ehci-platform: EHCI generic platform driver
[    0.712456] ohci_hcd: USB 1.1 'Open' Host Controller (OHCI) Driver
[    0.713430] ohci-pci: OHCI PCI platform driver
[    0.714148] ohci-platform: OHCI generic platform driver
[    0.714968] uhci_hcd: USB Universal Host Controller Interface driver
[    0.715989] i8042: PNP: PS/2 Controller [PNP0303:PS2K,PNP0f03:PS2M] at 0x60,0x64 irq 1,12
[    0.717730] serio: i8042 KBD port at 0x60,0x64 irq 1
[    0.718550] serio: i8042 AUX port at 0x60,0x64 irq 12
[    0.719411] mousedev: PS/2 mouse device common for all mice
[    0.747998] input: AT Translated Set 2 keyboard as /devices/platform/i8042/serio0/input/input2
[    0.800368] rtc_cmos rtc_cmos: rtc core: registered rtc_cmos as rtc0
[    0.801245] rtc_cmos rtc_cmos: alarms up to one day, 114 bytes nvram
[    0.802067] i2c /dev entries driver
[    0.802565] pcie_mp2_amd: AMD(R) PCI-E MP2 Communication Driver Version: 1.0
[    0.803522] device-mapper: uevent: version 1.0.3
[    0.804261] device-mapper: ioctl: 4.37.0-ioctl (2017-09-20) initialised: dm-devel@redhat.com
[    0.805629] ledtrig-cpu: registered to indicate activity on CPUs
[    0.806968] NET: Registered protocol family 10
[    0.810728] Segment Routing with IPv6
[    0.901665] NET: Registered protocol family 17
[    1.035217] Key type dns_resolver registered
[    1.089885] RAS: Correctable Errors collector initialized.
[    1.096846] sched_clock: Marking stable (1096771446, 0)->(1549705368, -452933922)
[    1.098564] registered taskstats version 1
[    1.110583] Loading compiled-in X.509 certificates
[    1.118807] Loaded X.509 cert 'Build time autogenerated kernel key: 1663f0131deec003b89e364b3e1eacfdeb38eccf'
[    1.120398] zswap: loaded using pool lzo/zbud
[    1.124082] Key type big_key registered
[    1.130225] Key type trusted registered
[    1.132367] Key type encrypted registered
[    1.133037] AppArmor: AppArmor sha1 policy hashing enabled
[    1.133959] ima: No TPM chip found, activating TPM-bypass! (rc=-19)
[    1.134920] ima: Allocated hash algorithm: sha1
[    1.135650] evm: HMAC attrs: 0x1
[    1.136447]   Magic number: 14:889:965
[    1.142413] rtc_cmos rtc_cmos: setting system clock to 2018-12-16 02:59:00 UTC (1544929140)
[    1.143779] BIOS EDD facility v0.16 2004-Jun-25, 0 devices found
[    1.144727] EDD information not available.
[    1.148613] Freeing unused kernel memory: 2408K
[    1.172124] Write protecting the kernel read-only data: 20480k
[    1.178773] Freeing unused kernel memory: 2008K
[    1.182284] Freeing unused kernel memory: 1892K
[    1.187688] x86/mm: Checked W+X mappings: passed, no W+X pages found.
[    1.188701] x86/mm: Checking user space page tables
[    1.591874] tsc: Refined TSC clocksource calibration: 2710.902 MHz
[    1.778761] clocksource: tsc: mask: 0xffffffffffffffff max_cycles: 0x2713790a937, max_idle_ns: 440795267013 ns
[    1.783614] x86/mm: Checked W+X mappings: passed, no W+X pages found.
Loading, please wait...
starting version 237
[    2.159383] e1000: Intel(R) PRO/1000 Network Driver - version 7.3.21-k8-NAPI
[    2.180900] e1000: Copyright (c) 1999-2006 Intel Corporation.
[    2.199258] Fusion MPT base driver 3.04.20
[    2.200058] Copyright (c) 1999-2008 LSI Corporation
[    2.202778] AVX2 version of gcm_enc/dec engaged.
[    2.203575] AES CTR mode by8 optimization enabled
[    2.209513] Fusion MPT SPI Host driver 3.04.20
[    2.394348] input: ImExPS/2 Generic Explorer Mouse as /devices/platform/i8042/serio1/input/input4
[    2.560404] e1000 0000:00:03.0 eth0: (PCI:33MHz:32-bit) 02:b3:4a:7a:21:f1
[    2.561495] e1000 0000:00:03.0 eth0: Intel(R) PRO/1000 Network Connection
[    2.563250] mptbase: ioc0: Initiating bringup
[    2.709857] ioc0: LSI53C1030 A0: Capabilities={Initiator}
[    3.875042] scsi host2: ioc0: LSI53C1030 A0, FwRev=00000000h, Ports=1, MaxQ=256, IRQ=20
[    4.560493] scsi 2:0:0:0: Direct-Access     VBOX     HARDDISK         1.0  PQ: 0 ANSI: 5
[    4.608275] scsi target2:0:0: Beginning Domain Validation
[    4.613347] scsi target2:0:0: Domain Validation skipping write tests
[    4.617687] scsi target2:0:0: Ending Domain Validation
[    4.618804] scsi target2:0:0: asynchronous
[    4.620058] scsi 2:0:1:0: Direct-Access     VBOX     HARDDISK         1.0  PQ: 0 ANSI: 5
[    4.905034] scsi target2:0:1: Beginning Domain Validation
[    4.906643] random: fast init done
[    4.907246] scsi target2:0:1: Domain Validation skipping write tests
[    4.908226] scsi target2:0:1: Ending Domain Validation
[    4.909095] scsi target2:0:1: asynchronous
[    4.912391] random: systemd-udevd: uninitialized urandom read (16 bytes read)
[    4.912548] sd 2:0:0:0: [sda] 20971520 512-byte logical blocks: (10.7 GB/10.0 GiB)
[    4.912594] sd 2:0:0:0: [sda] Write Protect is off
[    4.912686] sd 2:0:0:0: [sda] Incomplete mode parameter data
[    4.912688] sd 2:0:0:0: [sda] Assuming drive cache: write through
[    4.912700] sd 2:0:0:0: Attached scsi generic sg0 type 0
[    4.913290] sd 2:0:1:0: [sdb] 20480 512-byte logical blocks: (10.5 MB/10.0 MiB)
[    4.913317] sd 2:0:1:0: [sdb] Write Protect is off
[    4.913368] sd 2:0:1:0: [sdb] Incomplete mode parameter data
[    4.913369] sd 2:0:1:0: [sdb] Assuming drive cache: write through
[    4.913502] sd 2:0:1:0: Attached scsi generic sg1 type 0
[    4.923042]  sda: sda1
[    4.935282] sd 2:0:0:0: [sda] Attached SCSI disk
[    4.935424] e1000 0000:00:08.0 eth1: (PCI:33MHz:32-bit) 08:00:27:d7:6f:d4
[    4.935428] e1000 0000:00:08.0 eth1: Intel(R) PRO/1000 Network Connection
[    4.946786] sd 2:0:1:0: [sdb] Attached SCSI disk
[    4.952856] random: systemd-udevd: uninitialized urandom read (16 bytes read)
[    4.953947] random: systemd-udevd: uninitialized urandom read (16 bytes read)
[    4.955652] e1000 0000:00:03.0 enp0s3: renamed from eth0
[    4.968586] e1000 0000:00:08.0 enp0s8: renamed from eth1
Begin: Loading essential drivers ... [    6.448834] raid6: sse2x1   gen() 10850 MB/s
[    6.496157] raid6: sse2x1   xor()  7767 MB/s
[    6.548847] raid6: sse2x2   gen() 14656 MB/s
[    6.598832] raid6: sse2x2   xor()  9010 MB/s
[    6.648851] raid6: sse2x4   gen() 14774 MB/s
[    6.696281] raid6: sse2x4   xor()  9300 MB/s
[    6.744062] raid6: avx2x1   gen() 21353 MB/s
[    6.792056] raid6: avx2x1   xor() 14962 MB/s
[    6.848850] raid6: avx2x2   gen() 26334 MB/s
[    6.898832] raid6: avx2x2   xor() 16326 MB/s
[    6.968803] raid6: avx2x4   gen() 29674 MB/s
[    7.018909] raid6: avx2x4   xor() 19225 MB/s
[    7.019651] raid6: using algorithm avx2x4 gen() 29674 MB/s
[    7.020498] raid6: .... xor() 19225 MB/s, rmw enabled
[    7.021277] raid6: using avx2x2 recovery algorithm
[    7.023182] xor: automatically using best checksumming function   avx       
[    7.025486] async_tx: api initialized (async)
done.
Begin: Running /scripts/init-premount ... done.
Begin: Mounting root file system ... Begin: Running /scripts/local-top ... done.
Begin: Running /scripts/local-premount ... [    7.066329] Btrfs loaded, crc32c=crc32c-intel
Scanning for Btrfs filesystems
done.
Warning: fsck not present, so skipping root file system
[    7.128337] EXT4-fs (sda1): mounted filesystem with ordered data mode. Opts: (null)
done.
Begin: Running /scripts/local-bottom ... done.
Begin: Running /scripts/init-bottom ... done.
[    7.904986] ip_tables: (C) 2000-2006 Netfilter Core Team
[    7.978862] systemd[1]: systemd 237 running in system mode. (+PAM +AUDIT +SELINUX +IMA +APPARMOR +SMACK +SYSVINIT +UTMP +LIBCRYPTSETUP +GCRYPT +GNUTLS +ACL +XZ +LZ4 +SECCOMP +BLKID +ELFUTILS +KMOD -IDN2 +IDN -PCRE2 default-hierarchy=hybrid)
[    7.981725] systemd[1]: Detected virtualization oracle.
[    7.983155] systemd[1]: Detected architecture x86-64.

Welcome to [1mUbuntu 18.04.1 LTS[0m!

[    8.042650] systemd[1]: Set hostname to <ubuntu>.
[    9.231258] systemd[1]: Initializing machine ID from random generator.
[    9.810594] systemd[1]: Installed transient /etc/machine-id file.
[   10.368539] random: crng init done
[   10.370933] random: 7 urandom warning(s) missed due to ratelimiting
[   10.735686] systemd[1]: Created slice User and Session Slice.
[[0;32m  OK  [0m] Created slice User and Session Slice.
[   10.738643] systemd[1]: Created slice System Slice.
[[0;32m  OK  [0m] Created slice System Slice.
[   10.740767] systemd[1]: Reached target Slices.
[[0;32m  OK  [0m] Reached target Slices.
[   10.742731] systemd[1]: Listening on Syslog Socket.
[[0;32m  OK  [0m] Listening on Syslog Socket.
[[0;32m  OK  [0m] Listening on udev Control Socket.
[[0;32m  OK  [0m] Listening on Journal Audit Socket.
[[0;32m  OK  [0m] Created slice system-serial\x2dgetty.slice.
[[0;32m  OK  [0m] Listening on LVM2 metadata daemon socket.
[[0;32m  OK  [0m] Listening on Journal Socket (/dev/log).
[[0;32m  OK  [0m] Listening on /dev/initctl Compatibility Named Pipe.
[[0;32m  OK  [0m] Listening on Journal Socket.
         Starting Create list of required st…ce nodes for the current kernel...
         Starting Journal Service...
         Starting Set the console keyboard layout...
         Starting Load Kernel Modules...
         Starting Uncomplicated firewall...
[[0;32m  OK  [0m] Started Forward Password Requests to Wall Directory Watch.
[[0;32m  OK  [0m] Listening on Device-mapper event daemon FIFOs.
         Starting Monitoring of LVM2 mirrors…ng dmeventd or progress polling...
[[0;32m  OK  [0m] Reached target System Time Synchronized.
[[0;32m  OK  [0m] Set up automount Arbitrary Executab…rmats File System Automount Point.
[[0;32m  OK  [0m] Listening on Network Service Netlink Socket.
         Mounting Huge Pages File System...
         Mounting POSIX Message Queue File System...
[[0;32m  OK  [0m] Reached target User and Group Name Lookups.
[[0;32m  OK  [0m] Listening on udev Kernel Socket.
         Starting udev Coldplug all Devices...
[[0;32m  OK  [0m] Reached target Swap.
         Mounting Kernel Debug File System...
[[0;32m  OK  [0m] Listening on LVM2 poll daemon socket.
         Starting Remount Root and Kernel File Systems...
[[0;32m  OK  [0m] Started Journal Service.
[[0;32m  OK  [0m] Started Create list of required sta…vice nodes for the current kernel.
[[0;32m  OK  [0m] Started Uncomplicated firewall.
         Starting Create Static Device Nodes in /dev...
[   10.992757] Loading iSCSI transport class v2.0-870.
[[0;32m  OK  [0m] Started udev Coldplug all Devices.
[   11.165158] iscsi: registered transport (tcp)
[[0;32m  OK  [0m] Started Create Static Device Nodes in /dev.
[   11.437447] iscsi: registered transport (iser)
[[0;32m  OK  [0m] Started Load Kernel Modules.
         Starting Apply Kernel Variables...
         Mounting Kernel Configuration File System...
         Mounting FUSE Control File System...
[[0;32m  OK  [0m] Started Apply Kernel Variables.
[[0;32m  OK  [0m] Mounted Huge Pages File System.
[[0;32m  OK  [0m] Mounted POSIX Message Queue File System.
[[0;32m  OK  [0m] Mounted Kernel Debug File System.
[[0;32m  OK  [0m] Started Remount Root and Kernel File Systems.
[[0;32m  OK  [0m] Mounted Kernel Configuration File System.
[[0;32m  OK  [0m] Mounted FUSE Control File System.
         Starting Initial cloud-init job (pre-networking)...
         Starting Flush Journal to Persistent Storage...
         Starting Load/Save Random Seed...
         Starting udev Kernel Device Manager...
[[0;32m  OK  [0m] Started LVM2 metadata daemon.
[[0;32m  OK  [0m] Started Load/Save Random Seed.
[[0;32m  OK  [0m] Started Monitoring of LVM2 mirrors,…sing dmeventd or progress polling.
[[0;32m  OK  [0m] Started udev Kernel Device Manager.
[[0;32m  OK  [0m] Started Flush Journal to Persistent Storage.
[[0;32m  OK  [0m] Found device /dev/ttyS0.
[[0;32m  OK  [0m] Listening on Load/Save RF Kill Switch Status /dev/rfkill Watch.
[[0;32m  OK  [0m] Started Set the console keyboard layout.
[[0;32m  OK  [0m] Reached target Local File Systems (Pre).
[[0;32m  OK  [0m] Reached target Local File Systems.
         Starting Create Volatile Files and Directories...
         Starting Set console font and keymap...
         Starting Tell Plymouth To Write Out Runtime Data...
         Starting Commit a transient machine-id on disk...
         Starting AppArmor initialization...
         Starting ebtables ruleset management...
[[0;32m  OK  [0m] Started Dispatch Password Requests to Console Directory Watch.
[[0;32m  OK  [0m] Reached target Local Encrypted Volumes.
[[0;32m  OK  [0m] Started Set console font and keymap.
[[0;32m  OK  [0m] Started Create Volatile Files and Directories.
         Starting Update UTMP about System Boot/Shutdown...
[[0;32m  OK  [0m] Started Tell Plymouth To Write Out Runtime Data.
[[0;32m  OK  [0m] Started Update UTMP about System Boot/Shutdown.
[[0;32m  OK  [0m] Started Commit a transient machine-id on disk.
[[0;32m  OK  [0m] Started ebtables ruleset management.
[[0;32m  OK  [0m] Started AppArmor initialization.
[   17.880799] cloud-init[407]: Cloud-init v. 18.4-0ubuntu1~18.04.1 running 'init-local' at Sun, 16 Dec 2018 02:59:16 +0000. Up 17.14 seconds.
[[0;32m  OK  [0m] Started Initial cloud-init job (pre-networking).
[[0;32m  OK  [0m] Reached target Network (Pre).
         Starting Network Service...
[[0;32m  OK  [0m] Started Network Service.
         Starting Wait for Network to be Configured...
         Starting Network Name Resolution...
[[0;32m  OK  [0m] Started Network Name Resolution.
[[0;32m  OK  [0m] Reached target Host and Network Name Lookups.
[[0;32m  OK  [0m] Reached target Network.
[[0;32m  OK  [0m] Started Wait for Network to be Configured.
         Starting Initial cloud-init job (metadata service crawler)...
[   20.372339] cloud-init[810]: Cloud-init v. 18.4-0ubuntu1~18.04.1 running 'init' at Sun, 16 Dec 2018 02:59:19 +0000. Up 20.23 seconds.
[   20.373928] cloud-init[810]: ci-info: ++++++++++++++++++++++++++++++++++++++Net device info+++++++++++++++++++++++++++++++++++++++
[   20.375391] cloud-init[810]: ci-info: +--------+-------+----------------------------+---------------+--------+-------------------+
[   20.376784] cloud-init[810]: ci-info: | Device |   Up  |          Address           |      Mask     | Scope  |     Hw-Address    |
[   20.378333] cloud-init[810]: ci-info: +--------+-------+----------------------------+---------------+--------+-------------------+
[   20.380574] cloud-init[810]: ci-info: | enp0s3 |  True |         10.0.2.15          | 255.255.255.0 | global | 02:b3:4a:7a:21:f1 |
[   20.382734] cloud-init[810]: ci-info: | enp0s3 |  True | fe80::b3:4aff:fe7a:21f1/64 |       .       |  link  | 02:b3:4a:7a:21:f1 |
[   20.384855] cloud-init[810]: ci-info: | enp0s8 | False |             .              |       .       |   .    | 08:00:27:d7:6f:d4 |
[   20.386945] cloud-init[810]: ci-info: |   lo   |  True |         127.0.0.1          |   255.0.0.0   |  host  |         .         |
[   20.389081] cloud-init[810]: ci-info: |   lo   |  True |          ::1/128           |       .       |  host  |         .         |
[   20.391234] cloud-init[810]: ci-info: +--------+-------+----------------------------+---------------+--------+-------------------+
[   20.412987] cloud-init[810]: ci-info: ++++++++++++++++++++++++++++Route IPv4 info+++++++++++++++++++++++++++++
[   20.414216] cloud-init[810]: ci-info: +-------+-------------+----------+-----------------+-----------+-------+
[   20.415378] cloud-init[810]: ci-info: | Route | Destination | Gateway  |     Genmask     | Interface | Flags |
[   20.417375] cloud-init[810]: ci-info: +-------+-------------+----------+-----------------+-----------+-------+
[   20.418989] cloud-init[810]: ci-info: |   0   |   0.0.0.0   | 10.0.2.2 |     0.0.0.0     |   enp0s3  |   UG  |
[   20.420493] cloud-init[810]: ci-info: |   1   |   10.0.2.0  | 0.0.0.0  |  255.255.255.0  |   enp0s3  |   U   |
[   20.421940] cloud-init[810]: ci-info: |   2   |   10.0.2.2  | 0.0.0.0  | 255.255.255.255 |   enp0s3  |   UH  |
[   20.424133] cloud-init[810]: ci-info: +-------+-------------+----------+-----------------+-----------+-------+
[   20.425349] cloud-init[810]: ci-info: +++++++++++++++++++Route IPv6 info+++++++++++++++++++
[   20.426354] cloud-init[810]: ci-info: +-------+-------------+---------+-----------+-------+
[   20.427356] cloud-init[810]: ci-info: | Route | Destination | Gateway | Interface | Flags |
[   20.428339] cloud-init[810]: ci-info: +-------+-------------+---------+-----------+-------+
[   20.429340] cloud-init[810]: ci-info: |   1   |  fe80::/64  |    ::   |   enp0s3  |   U   |
[   20.430338] cloud-init[810]: ci-info: |   3   |    local    |    ::   |   enp0s3  |   U   |
[   20.431328] cloud-init[810]: ci-info: |   4   |   ff00::/8  |    ::   |   enp0s3  |   U   |
[   20.447528] cloud-init[810]: ci-info: +-------+-------------+---------+-----------+-------+
[   23.292145] cloud-init[810]: Generating public/private rsa key pair.
[   23.293354] cloud-init[810]: Your identification has been saved in /etc/ssh/ssh_host_rsa_key.
[   23.294684] cloud-init[810]: Your public key has been saved in /etc/ssh/ssh_host_rsa_key.pub.
[   23.296005] cloud-init[810]: The key fingerprint is:
[[   23.352391] cloud-init[810]: SHA256:QAWn+tA2OWsciLM5m6BGRwALqwgfcB5Cf4toHESY6Po root@ubuntu-bionic
[   23.352615] cloud-init[810]: The key's randomart image is:
[   23.352961] cloud-init[810]: +---[RSA 2048]----+
[   23.353286] cloud-init[810]: |@=o   ooo        |
[   23.353440] cloud-init[810]: |*O.. . o         |
[   23.353701] cloud-init[810]: |=.+. .o          |
[   23.353982] cloud-init[810]: |=oo+o+.o         |
[   23.354298] cloud-init[810]: |++=.+.B S        |
[   23.354552] cloud-init[810]: |o. = = =         |
[   23.354819] cloud-init[810]: |o.=   =          |
[   23.355083] cloud-init[810]: |.oE+ .           |
[   23.355342] cloud-init[810]: |o o              |
[   23.355605] cloud-init[810]: +----[SHA256]-----+
[   23.355868] cloud-init[810]: Generating public/private dsa key pair.
[   23.356280] cloud-init[810]: Your identification has been saved in /etc/ssh/ssh_host_dsa_key.
[   23.356536] cloud-init[810]: Your public key has been saved in /etc/ssh/ssh_host_dsa_key.pub.
[   23.356793] cloud-init[810]: The key fingerprint is:
[   23.357059] cloud-init[810]: SHA256:QochEl10bBzrarn5WA+iN5+knqyN3y3T3RyGUTV/WiQ root@ubuntu-bionic
[   23.357324] cloud-init[810]: The key's randomart image is:
[   23.357583] cloud-init[810]: +---[DSA 1024]----+
[   23.357849] cloud-init[810]: |  oo.o+oo.    Eoo|
[   23.358127] cloud-init[810]: |   ... ++.    .oo|
[   23.358388] cloud-init[810]: |      o.o    .  +|
[   23.358653] cloud-init[810]: |     . o    .  o.|
[   23.358941] cloud-init[810]: |      . S    o.  |
[   23.359203] cloud-init[810]: |       +    . o  |
[   23.359465] cloud-init[810]: |      = +. . + . |
[   23.359735] cloud-init[810]: |     *o@o=. . o  |
[   23.359994] cloud-init[810]: |    +=@+=oo      |
[   23.360272] cloud-init[810]: +----[SHA256]-----+
[   23.360527] cloud-init[810]: Generating public/private ecdsa key pair.
[   23.360794] cloud-init[810]: Your identification has been saved in /etc/ssh/ssh_host_ecdsa_key.
[   23.361063] cloud-init[810]: Your public key has been saved in /etc/ssh/ssh_host_ecdsa_key.pub.
[   23.361326] cloud-init[810]: The key fingerprint is:
[   23.361600] cloud-init[810]: SHA256:UmKYR5WZ0xxjyWA647tBUee8QHUIrZDWmTEtJUquG/U root@ubuntu-bionic
[0;32m  OK  [0m] Started Initial cloud-init job (metadata service crawler).
[   23.361651] cloud-init[810]: The key's randomart image is:
[[   23.373779] cloud-init[810]: +---[ECDSA 256]---+
[   23.373905] cloud-init[810]: |      o+@^B+.    |
[   23.374161] cloud-init[810]: |     *+*XBOo     |
[   23.374434] cloud-init[810]: |    o.%.o+o      |
[   23.374688] cloud-init[810]: |     * B.. .     |
[   23.374948] cloud-init[810]: |    o + E .      |
[   23.375218] cloud-init[810]: |     + o         |
[   23.375479] cloud-init[810]: |    . o          |
[   23.375742] cloud-init[810]: |       o         |
[   23.376006] cloud-init[810]: |      .          |
[   23.376299] cloud-init[810]: +----[SHA256]-----+
[   23.376559] cloud-init[810]: Generating public/private ed25519 key pair.
[   23.376818] cloud-init[810]: Your identification has been saved in /etc/ssh/ssh_host_ed25519_key.
[   23.377087] cloud-init[810]: Your public key has been saved in /etc/ssh/ssh_host_ed25519_key.pub.
[   23.377343] cloud-init[810]: The key fingerprint is:
[   23.377603] cloud-init[810]: SHA256:6pYQVXLntnjwlTz/ZIH05wnsU6cgp74AHCgyBGtXylc root@ubuntu-bionic
[   23.377868] cloud-init[810]: The key's randomart image is:
[   23.378161] cloud-init[810]: +--[ED25519 256]--+
[   23.378444] cloud-init[810]: |o.   ..Eo .  .   |
[   23.378741] cloud-init[810]: |... o.oo o .o.o  |
[   23.379050] cloud-init[810]: |+..+.o. . + B+ +o|
[   23.379337] cloud-init[810]: |.o..o. . = *.+oo=|
[   23.379621] cloud-init[810]: |     .o S =  oo.+|
[   23.379906] cloud-init[810]: |    .  o o    .+ |
[   23.380209] cloud-init[810]: |     .... .     .|
[   23.380500] cloud-init[810]: |     .o  . .     |
[   23.380817] cloud-init[810]: |     ..   .      |
[   23.381092] cloud-init[810]: +----[SHA256]-----+
[0;32m  OK  [0m] Reached target Network is Online.
         Starting Availability of block devices...
[[0;32m  OK  [0m] Reached target Remote File Systems (Pre).
[[0;32m  OK  [0m] Reached target Remote File Systems.
[[0;32m  OK  [0m] Reached target Cloud-config availability.
[[0;32m  OK  [0m] Reached target System Initialization.
[[0;32m  OK  [0m] Started Message of the Day.
[[0;32m  OK  [0m] Started Discard unused blocks once a week.
[[0;32m  OK  [0m] Listening on Open-iSCSI iscsid Socket.
[[0;32m  OK  [0m] Listening on UUID daemon activation socket.
         Starting Socket activation for snappy daemon.
[[0;32m  OK  [0m] Listening on D-Bus System Message Bus Socket.
[[0;32m  OK  [0m] Started ACPI Events Check.
[[0;32m  OK  [0m] Reached target Paths.
         Starting LXD - unix socket.
[[0;32m  OK  [0m] Listening on ACPID Listen Socket.
[[0;32m  OK  [0m] Started Daily apt download activities.
[[0;32m  OK  [0m] Started Daily apt upgrade and clean activities.
[[0;32m  OK  [0m] Started Daily Cleanup of Temporary Directories.
[[0;32m  OK  [0m] Reached target Timers.
[[0;32m  OK  [0m] Started Availability of block devices.
[[0;32m  OK  [0m] Listening on Socket activation for snappy daemon.
[[0;32m  OK  [0m] Listening on LXD - unix socket.
[[0;32m  OK  [0m] Reached target Sockets.
[[0;32m  OK  [0m] Reached target Basic System.
         Starting LXD - container startup/shutdown...
[[0;32m  OK  [0m] Started FUSE filesystem for LXC.
         Starting Permit User Sessions...
         Starting System Logging Service...
         Starting Accounts Service...
         Starting Dispatcher daemon for systemd-networkd...
         Starting LSB: Record successful boot for GRUB...
[[0;32m  OK  [0m] Started Regular background program processing daemon.
[[0;32m  OK  [0m] Started Deferred execution scheduler.
[[0;32m  OK  [0m] Started Unattended Upgrades Shutdown.
         Starting Login Service...
         Starting LSB: automatic crash report generation...
[[0;32m  OK  [0m] Started irqbalance daemon.
[[0;32m  OK  [0m] Started D-Bus System Message Bus.
         Starting Virtualbox guest utils...
         Starting Pollinate to seed the pseudo random number generator...
         Starting Snappy daemon...
[[0;32m  OK  [0m] Started System Logging Service.
[[0;32m  OK  [0m] Started Permit User Sessions.
[[0;32m  OK  [0m] Started Login Service.
         Starting Authorization Manager...
         Starting Terminate Plymouth Boot Screen...
         Starting Hold until boot process finishes up...
[[0;32m  OK  [0m] Started Hold until boot process finishes up.
[[0;32m  OK  [0m] Started Serial Getty on ttyS0.
         Starting Set console scheme...
[[0;32m  OK  [0m] Started Terminate Plymouth Boot Screen.
[[0;32m  OK  [0m] Started Set console scheme.
[[0;32m  OK  [0m] Started LSB: automatic crash report generation.
[[0;32m  OK  [0m] Created slice system-getty.slice.
[[0;32m  OK  [0m] Started Getty on tty1.
[[0;32m  OK  [0m] Reached target Login Prompts.
[[0;32m  OK  [0m] Started LSB: Record successful boot for GRUB.
[[0;32m  OK  [0m] Started Dispatcher daemon for systemd-networkd.
[[0;32m  OK  [0m] Started Authorization Manager.
[[0;32m  OK  [0m] Started Accounts Service.
[[0;32m  OK  [0m] Started Virtualbox guest utils.
[[0;32m  OK  [0m] Started LXD - container startup/shutdown.
[[0;32m  OK  [0m] Started Snappy daemon.
         Starting Wait until snapd is fully seeded...
[[0;32m  OK  [0m] Started Pollinate to seed the pseudo random number generator.
         Starting OpenBSD Secure Shell server...
[[0;32m  OK  [0m] Started OpenBSD Secure Shell server.
[[0;32m  OK  [0m] Created slice User Slice of vagrant.
         Starting User Manager for UID 1000...
[[0;32m  OK  [0m] Started Session 1 of user vagrant.
[[0;32m  OK  [0m] Started User Manager for UID 1000.

Ubuntu 18.04.1 LTS ubuntu-bionic ttyS0

ubuntu-bionic login: [   33.816026] cloud-init[1548]: Cloud-init v. 18.4-0ubuntu1~18.04.1 running 'modules:config' at Sun, 16 Dec 2018 02:59:32 +0000. Up 32.66 seconds.
ci-info: no authorized ssh keys fingerprints found for user ubuntu.
<14>Dec 16 02:59:33 ec2: 
<14>Dec 16 02:59:33 ec2: #############################################################
<14>Dec 16 02:59:33 ec2: -----BEGIN SSH HOST KEY FINGERPRINTS-----
<14>Dec 16 02:59:33 ec2: 1024 SHA256:QochEl10bBzrarn5WA+iN5+knqyN3y3T3RyGUTV/WiQ root@ubuntu-bionic (DSA)
<14>Dec 16 02:59:33 ec2: 256 SHA256:UmKYR5WZ0xxjyWA647tBUee8QHUIrZDWmTEtJUquG/U root@ubuntu-bionic (ECDSA)
<14>Dec 16 02:59:33 ec2: 256 SHA256:6pYQVXLntnjwlTz/ZIH05wnsU6cgp74AHCgyBGtXylc root@ubuntu-bionic (ED25519)
<14>Dec 16 02:59:33 ec2: 2048 SHA256:QAWn+tA2OWsciLM5m6BGRwALqwgfcB5Cf4toHESY6Po root@ubuntu-bionic (RSA)
<14>Dec 16 02:59:33 ec2: -----END SSH HOST KEY FINGERPRINTS-----
<14>Dec 16 02:59:33 ec2: #############################################################
-----BEGIN SSH HOST KEY KEYS-----
ecdsa-sha2-nistp256 AAAAE2VjZHNhLXNoYTItbmlzdHAyNTYAAAAIbmlzdHAyNTYAAABBBC60DhG4JBSW5hH3lDlW+K8Gzv0RmaWXLWoqPkDJN2zwwU2iUYNPPKf4mFEYvGgud6tFL+yieQlIebQIqs0lZ4k= root@ubuntu-bionic
ssh-ed25519 AAAAC3NzaC1lZDI1NTE5AAAAIPjwqc4YZYniGKoMbgA+zSZliXl+hx1sJjZGkFRjIrNv root@ubuntu-bionic
ssh-rsa AAAAB3NzaC1yc2EAAAADAQABAAABAQDjeFbOctGxHP22Bci95Dyvp+vUMMbMGLz/V4zQ9yLCaSG9I3DJta8ICqoNDhIk5hSet0dt+5vn4k8M4oHsGPqB+IGVpOcBTEY0IQvIXvBh8hHaCwg8S4L5gdstjaEjCEprZ/Pc0TTFAbIBPM/ZUuInG8AktzLX5MI2xptqII2PEiLDrxtovJ3Hq2XbekE/Mwd/DY+0qvlxUAJqM7okBSVLk1SYsXY80+qTSr/fG54d1uZARMIfS/uvXkFTl5xBWwRj0Jx15cKdhEkhVmq9KbzuIDwcss2hdKkJOUckWPs8dG06HrL5u+gORQqQhu1781FBTfU4DFJTZDjR4ZMwEXln root@ubuntu-bionic
-----END SSH HOST KEY KEYS-----
[   34.362128] cloud-init[1684]: Cloud-init v. 18.4-0ubuntu1~18.04.1 running 'modules:final' at Sun, 16 Dec 2018 02:59:33 +0000. Up 34.22 seconds.
[   34.362197] cloud-init[1684]: ci-info: no authorized ssh keys fingerprints found for user ubuntu.
[   34.362236] cloud-init[1684]: Cloud-init v. 18.4-0ubuntu1~18.04.1 finished at Sun, 16 Dec 2018 02:59:33 +0000. Datasource DataSourceNoCloud [seed=/dev/sdb][dsmode=net].  Up 34.35 seconds
